2019-01-06T09:45:39,865Z  INFO 32570 --- [main] [] c.l.f.FroelingReaderServiceApplication   : Starting FroelingReaderServiceApplication on Dominics-MacBook-Pro.local with PID 32570 (/Users/dom/git/logreposit/froeling-reader-service/target/classes started by dom in /Users/dom/git/logreposit/froeling-reader-service)
2019-01-06T09:45:39,869Z  INFO 32570 --- [main] [] c.l.f.FroelingReaderServiceApplication   : No active profile set, falling back to default profiles: default
2019-01-06T09:45:40,297Z  WARN 32570 --- [main] [] s.c.a.AnnotationConfigApplicationContext : Exception encountered during context initialization - cancelling refresh attempt: org.springframework.boot.context.properties.ConfigurationPropertiesBindException: Error creating bean with name 'applicationConfiguration': Could not bind properties to 'ApplicationConfiguration' : prefix=froelingreaderservice, ignoreInvalidFields=false, ignoreUnknownFields=true; nested exception is org.springframework.boot.context.properties.bind.BindException: Failed to bind properties under 'froelingreaderservice' to com.logreposit.froelingreaderservice.configuration.ApplicationConfiguration$$EnhancerBySpringCGLIB$$242c1f49
2019-01-06T09:45:40,303Z  INFO 32570 --- [main] [] ConditionEvaluationReportLoggingListener : 

Error starting ApplicationContext. To display the conditions report re-run your application with 'debug' enabled.
2019-01-06T09:45:40,304Z ERROR 32570 --- [main] [] o.s.b.d.LoggingFailureAnalysisReporter   : 

***************************
APPLICATION FAILED TO START
***************************

Description:

Binding to target org.springframework.boot.context.properties.bind.BindException: Failed to bind properties under 'froelingreaderservice' to com.logreposit.froelingreaderservice.configuration.ApplicationConfiguration$$EnhancerBySpringCGLIB$$242c1f49 failed:

    Property: froelingreaderservice.apiClientRetryInitialBackOffInterval
    Value: null
    Reason: must not be null

    Property: froelingreaderservice.deviceTimezone
    Value: null
    Reason: must not be blank

    Property: froelingreaderservice.apiClientRetryCount
    Value: null
    Reason: must not be null

    Property: froelingreaderservice.apiClientRetryBackOffMultiplier
    Value: null
    Reason: must not be null

    Property: froelingreaderservice.apiBaseUrl
    Value: null
    Reason: must not be blank

    Property: froelingreaderservice.collectInterval
    Value: null
    Reason: must not be null


Action:

Update your application's configuration

2019-01-06T09:46:30,536Z  INFO 32917 --- [main] [] c.l.f.FroelingReaderServiceApplication   : Starting FroelingReaderServiceApplication on Dominics-MacBook-Pro.local with PID 32917 (/Users/dom/git/logreposit/froeling-reader-service/target/classes started by dom in /Users/dom/git/logreposit/froeling-reader-service)
2019-01-06T09:46:30,539Z  INFO 32917 --- [main] [] c.l.f.FroelingReaderServiceApplication   : No active profile set, falling back to default profiles: default
2019-01-06T09:46:31,114Z  INFO 32917 --- [main] [] o.s.s.c.ThreadPoolTaskScheduler          : Initializing ExecutorService 'taskScheduler'
2019-01-06T09:46:31,134Z  INFO 32917 --- [main] [] c.l.f.FroelingReaderServiceApplication   : Started FroelingReaderServiceApplication in 1.04 seconds (JVM running for 3.853)
2019-01-06T09:46:31,149Z ERROR 32917 --- [scheduling-1] [] c.l.f.s.c.CommandExecutorImpl            : Caught IOException: [java.io.IOException] Cannot run program "p4": error=2, No such file or directory
java.io.IOException: Cannot run program "p4": error=2, No such file or directory
	at java.lang.ProcessBuilder.start(ProcessBuilder.java:1048)
	at com.logreposit.froelingreaderservice.services.commandexecutor.CommandExecutorImpl.execute(CommandExecutorImpl.java:36)
	at com.logreposit.froelingreaderservice.services.froelingreader.FroelingClientImpl.executeCommand(FroelingClientImpl.java:124)
	at com.logreposit.froelingreaderservice.services.froelingreader.FroelingClientImpl.getValueAddresses(FroelingClientImpl.java:79)
	at com.logreposit.froelingreaderservice.services.froelingreader.FroelingReaderImpl.retrieveValueAddresses(FroelingReaderImpl.java:68)
	at com.logreposit.froelingreaderservice.services.froelingreader.FroelingReaderImpl.getData(FroelingReaderImpl.java:38)
	at com.logreposit.froelingreaderservice.services.froelingreader.FroelingLogrepositServiceImpl.readAndPublishData(FroelingLogrepositServiceImpl.java:32)
	at sun.reflect.NativeMethodAccessorImpl.invoke0(Native Method)
	at sun.reflect.NativeMethodAccessorImpl.invoke(NativeMethodAccessorImpl.java:62)
	at sun.reflect.DelegatingMethodAccessorImpl.invoke(DelegatingMethodAccessorImpl.java:43)
	at java.lang.reflect.Method.invoke(Method.java:498)
	at org.springframework.scheduling.support.ScheduledMethodRunnable.run(ScheduledMethodRunnable.java:84)
	at org.springframework.scheduling.support.DelegatingErrorHandlingRunnable.run(DelegatingErrorHandlingRunnable.java:54)
	at java.util.concurrent.Executors$RunnableAdapter.call(Executors.java:511)
	at java.util.concurrent.FutureTask.runAndReset(FutureTask.java:308)
	at java.util.concurrent.ScheduledThreadPoolExecutor$ScheduledFutureTask.access$301(ScheduledThreadPoolExecutor.java:180)
	at java.util.concurrent.ScheduledThreadPoolExecutor$ScheduledFutureTask.run(ScheduledThreadPoolExecutor.java:294)
	at java.util.concurrent.ThreadPoolExecutor.runWorker(ThreadPoolExecutor.java:1149)
	at java.util.concurrent.ThreadPoolExecutor$Worker.run(ThreadPoolExecutor.java:624)
	at java.lang.Thread.run(Thread.java:748)
Caused by: java.io.IOException: error=2, No such file or directory
	at java.lang.UNIXProcess.forkAndExec(Native Method)
	at java.lang.UNIXProcess.<init>(UNIXProcess.java:247)
	at java.lang.ProcessImpl.start(ProcessImpl.java:134)
	at java.lang.ProcessBuilder.start(ProcessBuilder.java:1029)
	... 19 more

2019-01-06T09:46:31,150Z ERROR 32917 --- [scheduling-1] [] c.l.f.s.f.FroelingClientImpl             : Caught CommandExecutorException while executing command p4 values: [com.logreposit.froelingreaderservice.services.commandexecutor.CommandExecutorException] Caught IOException
com.logreposit.froelingreaderservice.services.commandexecutor.CommandExecutorException: Caught IOException
	at com.logreposit.froelingreaderservice.services.commandexecutor.CommandExecutorImpl.execute(CommandExecutorImpl.java:54)
	at com.logreposit.froelingreaderservice.services.froelingreader.FroelingClientImpl.executeCommand(FroelingClientImpl.java:124)
	at com.logreposit.froelingreaderservice.services.froelingreader.FroelingClientImpl.getValueAddresses(FroelingClientImpl.java:79)
	at com.logreposit.froelingreaderservice.services.froelingreader.FroelingReaderImpl.retrieveValueAddresses(FroelingReaderImpl.java:68)
	at com.logreposit.froelingreaderservice.services.froelingreader.FroelingReaderImpl.getData(FroelingReaderImpl.java:38)
	at com.logreposit.froelingreaderservice.services.froelingreader.FroelingLogrepositServiceImpl.readAndPublishData(FroelingLogrepositServiceImpl.java:32)
	at sun.reflect.NativeMethodAccessorImpl.invoke0(Native Method)
	at sun.reflect.NativeMethodAccessorImpl.invoke(NativeMethodAccessorImpl.java:62)
	at sun.reflect.DelegatingMethodAccessorImpl.invoke(DelegatingMethodAccessorImpl.java:43)
	at java.lang.reflect.Method.invoke(Method.java:498)
	at org.springframework.scheduling.support.ScheduledMethodRunnable.run(ScheduledMethodRunnable.java:84)
	at org.springframework.scheduling.support.DelegatingErrorHandlingRunnable.run(DelegatingErrorHandlingRunnable.java:54)
	at java.util.concurrent.Executors$RunnableAdapter.call(Executors.java:511)
	at java.util.concurrent.FutureTask.runAndReset(FutureTask.java:308)
	at java.util.concurrent.ScheduledThreadPoolExecutor$ScheduledFutureTask.access$301(ScheduledThreadPoolExecutor.java:180)
	at java.util.concurrent.ScheduledThreadPoolExecutor$ScheduledFutureTask.run(ScheduledThreadPoolExecutor.java:294)
	at java.util.concurrent.ThreadPoolExecutor.runWorker(ThreadPoolExecutor.java:1149)
	at java.util.concurrent.ThreadPoolExecutor$Worker.run(ThreadPoolExecutor.java:624)
	at java.lang.Thread.run(Thread.java:748)
Caused by: java.io.IOException: Cannot run program "p4": error=2, No such file or directory
	at java.lang.ProcessBuilder.start(ProcessBuilder.java:1048)
	at com.logreposit.froelingreaderservice.services.commandexecutor.CommandExecutorImpl.execute(CommandExecutorImpl.java:36)
	... 18 more
Caused by: java.io.IOException: error=2, No such file or directory
	at java.lang.UNIXProcess.forkAndExec(Native Method)
	at java.lang.UNIXProcess.<init>(UNIXProcess.java:247)
	at java.lang.ProcessImpl.start(ProcessImpl.java:134)
	at java.lang.ProcessBuilder.start(ProcessBuilder.java:1029)
	... 19 more

2019-01-06T09:46:31,151Z ERROR 32917 --- [scheduling-1] [] c.l.f.s.f.FroelingReaderImpl             : Unable to retrieve Froeling Value Addresses: [com.logreposit.froelingreaderservice.services.froelingreader.exceptions.FroelingClientException] Caught CommandExecutorException while executing command
com.logreposit.froelingreaderservice.services.froelingreader.exceptions.FroelingClientException: Caught CommandExecutorException while executing command
	at com.logreposit.froelingreaderservice.services.froelingreader.FroelingClientImpl.executeCommand(FroelingClientImpl.java:157)
	at com.logreposit.froelingreaderservice.services.froelingreader.FroelingClientImpl.getValueAddresses(FroelingClientImpl.java:79)
	at com.logreposit.froelingreaderservice.services.froelingreader.FroelingReaderImpl.retrieveValueAddresses(FroelingReaderImpl.java:68)
	at com.logreposit.froelingreaderservice.services.froelingreader.FroelingReaderImpl.getData(FroelingReaderImpl.java:38)
	at com.logreposit.froelingreaderservice.services.froelingreader.FroelingLogrepositServiceImpl.readAndPublishData(FroelingLogrepositServiceImpl.java:32)
	at sun.reflect.NativeMethodAccessorImpl.invoke0(Native Method)
	at sun.reflect.NativeMethodAccessorImpl.invoke(NativeMethodAccessorImpl.java:62)
	at sun.reflect.DelegatingMethodAccessorImpl.invoke(DelegatingMethodAccessorImpl.java:43)
	at java.lang.reflect.Method.invoke(Method.java:498)
	at org.springframework.scheduling.support.ScheduledMethodRunnable.run(ScheduledMethodRunnable.java:84)
	at org.springframework.scheduling.support.DelegatingErrorHandlingRunnable.run(DelegatingErrorHandlingRunnable.java:54)
	at java.util.concurrent.Executors$RunnableAdapter.call(Executors.java:511)
	at java.util.concurrent.FutureTask.runAndReset(FutureTask.java:308)
	at java.util.concurrent.ScheduledThreadPoolExecutor$ScheduledFutureTask.access$301(ScheduledThreadPoolExecutor.java:180)
	at java.util.concurrent.ScheduledThreadPoolExecutor$ScheduledFutureTask.run(ScheduledThreadPoolExecutor.java:294)
	at java.util.concurrent.ThreadPoolExecutor.runWorker(ThreadPoolExecutor.java:1149)
	at java.util.concurrent.ThreadPoolExecutor$Worker.run(ThreadPoolExecutor.java:624)
	at java.lang.Thread.run(Thread.java:748)
Caused by: com.logreposit.froelingreaderservice.services.commandexecutor.CommandExecutorException: Caught IOException
	at com.logreposit.froelingreaderservice.services.commandexecutor.CommandExecutorImpl.execute(CommandExecutorImpl.java:54)
	at com.logreposit.froelingreaderservice.services.froelingreader.FroelingClientImpl.executeCommand(FroelingClientImpl.java:124)
	... 17 more
Caused by: java.io.IOException: Cannot run program "p4": error=2, No such file or directory
	at java.lang.ProcessBuilder.start(ProcessBuilder.java:1048)
	at com.logreposit.froelingreaderservice.services.commandexecutor.CommandExecutorImpl.execute(CommandExecutorImpl.java:36)
	... 18 more
Caused by: java.io.IOException: error=2, No such file or directory
	at java.lang.UNIXProcess.forkAndExec(Native Method)
	at java.lang.UNIXProcess.<init>(UNIXProcess.java:247)
	at java.lang.ProcessImpl.start(ProcessImpl.java:134)
	at java.lang.ProcessBuilder.start(ProcessBuilder.java:1029)
	... 19 more

2019-01-06T09:46:31,159Z ERROR 32917 --- [scheduling-1] [] c.l.f.s.f.FroelingLogrepositServiceImpl  : Unable to retrieve and publish data: [com.logreposit.froelingreaderservice.services.froelingreader.exceptions.FroelingReaderException] Unable to retrieve Froeling Value Addresses
com.logreposit.froelingreaderservice.services.froelingreader.exceptions.FroelingReaderException: Unable to retrieve Froeling Value Addresses
	at com.logreposit.froelingreaderservice.services.froelingreader.FroelingReaderImpl.retrieveValueAddresses(FroelingReaderImpl.java:76)
	at com.logreposit.froelingreaderservice.services.froelingreader.FroelingReaderImpl.getData(FroelingReaderImpl.java:38)
	at com.logreposit.froelingreaderservice.services.froelingreader.FroelingLogrepositServiceImpl.readAndPublishData(FroelingLogrepositServiceImpl.java:32)
	at sun.reflect.NativeMethodAccessorImpl.invoke0(Native Method)
	at sun.reflect.NativeMethodAccessorImpl.invoke(NativeMethodAccessorImpl.java:62)
	at sun.reflect.DelegatingMethodAccessorImpl.invoke(DelegatingMethodAccessorImpl.java:43)
	at java.lang.reflect.Method.invoke(Method.java:498)
	at org.springframework.scheduling.support.ScheduledMethodRunnable.run(ScheduledMethodRunnable.java:84)
	at org.springframework.scheduling.support.DelegatingErrorHandlingRunnable.run(DelegatingErrorHandlingRunnable.java:54)
	at java.util.concurrent.Executors$RunnableAdapter.call(Executors.java:511)
	at java.util.concurrent.FutureTask.runAndReset(FutureTask.java:308)
	at java.util.concurrent.ScheduledThreadPoolExecutor$ScheduledFutureTask.access$301(ScheduledThreadPoolExecutor.java:180)
	at java.util.concurrent.ScheduledThreadPoolExecutor$ScheduledFutureTask.run(ScheduledThreadPoolExecutor.java:294)
	at java.util.concurrent.ThreadPoolExecutor.runWorker(ThreadPoolExecutor.java:1149)
	at java.util.concurrent.ThreadPoolExecutor$Worker.run(ThreadPoolExecutor.java:624)
	at java.lang.Thread.run(Thread.java:748)
Caused by: com.logreposit.froelingreaderservice.services.froelingreader.exceptions.FroelingClientException: Caught CommandExecutorException while executing command
	at com.logreposit.froelingreaderservice.services.froelingreader.FroelingClientImpl.executeCommand(FroelingClientImpl.java:157)
	at com.logreposit.froelingreaderservice.services.froelingreader.FroelingClientImpl.getValueAddresses(FroelingClientImpl.java:79)
	at com.logreposit.froelingreaderservice.services.froelingreader.FroelingReaderImpl.retrieveValueAddresses(FroelingReaderImpl.java:68)
	... 15 more
Caused by: com.logreposit.froelingreaderservice.services.commandexecutor.CommandExecutorException: Caught IOException
	at com.logreposit.froelingreaderservice.services.commandexecutor.CommandExecutorImpl.execute(CommandExecutorImpl.java:54)
	at com.logreposit.froelingreaderservice.services.froelingreader.FroelingClientImpl.executeCommand(FroelingClientImpl.java:124)
	... 17 more
Caused by: java.io.IOException: Cannot run program "p4": error=2, No such file or directory
	at java.lang.ProcessBuilder.start(ProcessBuilder.java:1048)
	at com.logreposit.froelingreaderservice.services.commandexecutor.CommandExecutorImpl.execute(CommandExecutorImpl.java:36)
	... 18 more
Caused by: java.io.IOException: error=2, No such file or directory
	at java.lang.UNIXProcess.forkAndExec(Native Method)
	at java.lang.UNIXProcess.<init>(UNIXProcess.java:247)
	at java.lang.ProcessImpl.start(ProcessImpl.java:134)
	at java.lang.ProcessBuilder.start(ProcessBuilder.java:1029)
	... 19 more

2019-01-06T09:46:33,536Z  INFO 32917 --- [Thread-3] [] o.s.s.c.ThreadPoolTaskScheduler          : Shutting down ExecutorService 'taskScheduler'
2019-01-06T09:53:19,072Z  INFO 33697 --- [main] [] c.l.f.FroelingReaderServiceApplication   : Starting FroelingReaderServiceApplication on Dominics-MacBook-Pro.local with PID 33697 (/Users/dom/git/logreposit/froeling-reader-service/target/classes started by dom in /Users/dom/git/logreposit/froeling-reader-service)
2019-01-06T09:53:19,075Z  INFO 33697 --- [main] [] c.l.f.FroelingReaderServiceApplication   : No active profile set, falling back to default profiles: default
2019-01-06T09:53:19,734Z  INFO 33697 --- [main] [] o.s.s.c.ThreadPoolTaskScheduler          : Initializing ExecutorService 'taskScheduler'
2019-01-06T09:53:19,894Z  INFO 33697 --- [main] [] c.l.f.FroelingReaderServiceApplication   : Started FroelingReaderServiceApplication in 1.321 seconds (JVM running for 4.174)
2019-01-06T09:53:22,941Z  INFO 33697 --- [Thread-3] [] o.s.s.c.ThreadPoolTaskScheduler          : Shutting down ExecutorService 'taskScheduler'
2019-01-06T10:00:20,811Z  INFO 34862 --- [main] [] c.l.f.FroelingReaderServiceApplication   : Starting FroelingReaderServiceApplication on Dominics-MacBook-Pro.local with PID 34862 (/Users/dom/git/logreposit/froeling-reader-service/target/classes started by dom in /Users/dom/git/logreposit/froeling-reader-service)
2019-01-06T10:00:20,815Z  INFO 34862 --- [main] [] c.l.f.FroelingReaderServiceApplication   : No active profile set, falling back to default profiles: default
2019-01-06T10:00:21,465Z  WARN 34862 --- [main] [] s.c.a.AnnotationConfigApplicationContext : Exception encountered during context initialization - cancelling refresh attempt: org.springframework.beans.factory.UnsatisfiedDependencyException: Error creating bean with name 'logrepositApiClientImpl' defined in file [/Users/dom/git/logreposit/froeling-reader-service/target/classes/com/logreposit/froelingreaderservice/communication/http/logrepositapi/LogrepositApiClientImpl.class]: Unsatisfied dependency expressed through constructor parameter 1; nested exception is org.springframework.boot.context.properties.ConfigurationPropertiesBindException: Error creating bean with name 'applicationConfiguration': Could not bind properties to 'ApplicationConfiguration' : prefix=froelingreaderservice, ignoreInvalidFields=false, ignoreUnknownFields=true; nested exception is org.springframework.boot.context.properties.bind.BindException: Failed to bind properties under 'froelingreaderservice' to com.logreposit.froelingreaderservice.configuration.ApplicationConfiguration$$EnhancerBySpringCGLIB$$25541f08
2019-01-06T10:00:21,470Z  INFO 34862 --- [main] [] ConditionEvaluationReportLoggingListener : 

Error starting ApplicationContext. To display the conditions report re-run your application with 'debug' enabled.
2019-01-06T10:00:21,472Z ERROR 34862 --- [main] [] o.s.b.d.LoggingFailureAnalysisReporter   : 

***************************
APPLICATION FAILED TO START
***************************

Description:

Binding to target org.springframework.boot.context.properties.bind.BindException: Failed to bind properties under 'froelingreaderservice' to com.logreposit.froelingreaderservice.configuration.ApplicationConfiguration$$EnhancerBySpringCGLIB$$25541f08 failed:

    Property: froelingreaderservice.deviceToken
    Value: null
    Reason: must not be blank


Action:

Update your application's configuration

2019-01-06T10:00:57,980Z  INFO 35190 --- [main] [] c.l.f.FroelingReaderServiceApplication   : Starting FroelingReaderServiceApplication on Dominics-MacBook-Pro.local with PID 35190 (/Users/dom/git/logreposit/froeling-reader-service/target/classes started by dom in /Users/dom/git/logreposit/froeling-reader-service)
2019-01-06T10:00:57,983Z  INFO 35190 --- [main] [] c.l.f.FroelingReaderServiceApplication   : No active profile set, falling back to default profiles: default
2019-01-06T10:00:58,667Z  INFO 35190 --- [main] [] o.s.s.c.ThreadPoolTaskScheduler          : Initializing ExecutorService 'taskScheduler'
2019-01-06T10:00:58,694Z  INFO 35190 --- [main] [] c.l.f.FroelingReaderServiceApplication   : Started FroelingReaderServiceApplication in 1.098 seconds (JVM running for 4.081)
2019-01-06T10:01:08,701Z ERROR 35190 --- [scheduling-1] [] c.l.f.s.c.CommandExecutorImpl            : Caught IOException: [java.io.IOException] Cannot run program "p4": error=2, No such file or directory
java.io.IOException: Cannot run program "p4": error=2, No such file or directory
	at java.lang.ProcessBuilder.start(ProcessBuilder.java:1048)
	at com.logreposit.froelingreaderservice.services.commandexecutor.CommandExecutorImpl.execute(CommandExecutorImpl.java:36)
	at com.logreposit.froelingreaderservice.services.froelingreader.FroelingClientImpl.executeCommand(FroelingClientImpl.java:124)
	at com.logreposit.froelingreaderservice.services.froelingreader.FroelingClientImpl.getValueAddresses(FroelingClientImpl.java:79)
	at com.logreposit.froelingreaderservice.services.froelingreader.FroelingReaderImpl.retrieveValueAddresses(FroelingReaderImpl.java:68)
	at com.logreposit.froelingreaderservice.services.froelingreader.FroelingReaderImpl.getData(FroelingReaderImpl.java:38)
	at com.logreposit.froelingreaderservice.services.froelingreader.FroelingLogrepositServiceImpl.readAndPublishData(FroelingLogrepositServiceImpl.java:28)
	at sun.reflect.NativeMethodAccessorImpl.invoke0(Native Method)
	at sun.reflect.NativeMethodAccessorImpl.invoke(NativeMethodAccessorImpl.java:62)
	at sun.reflect.DelegatingMethodAccessorImpl.invoke(DelegatingMethodAccessorImpl.java:43)
	at java.lang.reflect.Method.invoke(Method.java:498)
	at org.springframework.scheduling.support.ScheduledMethodRunnable.run(ScheduledMethodRunnable.java:84)
	at org.springframework.scheduling.support.DelegatingErrorHandlingRunnable.run(DelegatingErrorHandlingRunnable.java:54)
	at java.util.concurrent.Executors$RunnableAdapter.call(Executors.java:511)
	at java.util.concurrent.FutureTask.runAndReset(FutureTask.java:308)
	at java.util.concurrent.ScheduledThreadPoolExecutor$ScheduledFutureTask.access$301(ScheduledThreadPoolExecutor.java:180)
	at java.util.concurrent.ScheduledThreadPoolExecutor$ScheduledFutureTask.run(ScheduledThreadPoolExecutor.java:294)
	at java.util.concurrent.ThreadPoolExecutor.runWorker(ThreadPoolExecutor.java:1149)
	at java.util.concurrent.ThreadPoolExecutor$Worker.run(ThreadPoolExecutor.java:624)
	at java.lang.Thread.run(Thread.java:748)
Caused by: java.io.IOException: error=2, No such file or directory
	at java.lang.UNIXProcess.forkAndExec(Native Method)
	at java.lang.UNIXProcess.<init>(UNIXProcess.java:247)
	at java.lang.ProcessImpl.start(ProcessImpl.java:134)
	at java.lang.ProcessBuilder.start(ProcessBuilder.java:1029)
	... 19 more

2019-01-06T10:01:08,702Z ERROR 35190 --- [scheduling-1] [] c.l.f.s.f.FroelingClientImpl             : Caught CommandExecutorException while executing command p4 values: [com.logreposit.froelingreaderservice.services.commandexecutor.CommandExecutorException] Caught IOException
com.logreposit.froelingreaderservice.services.commandexecutor.CommandExecutorException: Caught IOException
	at com.logreposit.froelingreaderservice.services.commandexecutor.CommandExecutorImpl.execute(CommandExecutorImpl.java:54)
	at com.logreposit.froelingreaderservice.services.froelingreader.FroelingClientImpl.executeCommand(FroelingClientImpl.java:124)
	at com.logreposit.froelingreaderservice.services.froelingreader.FroelingClientImpl.getValueAddresses(FroelingClientImpl.java:79)
	at com.logreposit.froelingreaderservice.services.froelingreader.FroelingReaderImpl.retrieveValueAddresses(FroelingReaderImpl.java:68)
	at com.logreposit.froelingreaderservice.services.froelingreader.FroelingReaderImpl.getData(FroelingReaderImpl.java:38)
	at com.logreposit.froelingreaderservice.services.froelingreader.FroelingLogrepositServiceImpl.readAndPublishData(FroelingLogrepositServiceImpl.java:28)
	at sun.reflect.NativeMethodAccessorImpl.invoke0(Native Method)
	at sun.reflect.NativeMethodAccessorImpl.invoke(NativeMethodAccessorImpl.java:62)
	at sun.reflect.DelegatingMethodAccessorImpl.invoke(DelegatingMethodAccessorImpl.java:43)
	at java.lang.reflect.Method.invoke(Method.java:498)
	at org.springframework.scheduling.support.ScheduledMethodRunnable.run(ScheduledMethodRunnable.java:84)
	at org.springframework.scheduling.support.DelegatingErrorHandlingRunnable.run(DelegatingErrorHandlingRunnable.java:54)
	at java.util.concurrent.Executors$RunnableAdapter.call(Executors.java:511)
	at java.util.concurrent.FutureTask.runAndReset(FutureTask.java:308)
	at java.util.concurrent.ScheduledThreadPoolExecutor$ScheduledFutureTask.access$301(ScheduledThreadPoolExecutor.java:180)
	at java.util.concurrent.ScheduledThreadPoolExecutor$ScheduledFutureTask.run(ScheduledThreadPoolExecutor.java:294)
	at java.util.concurrent.ThreadPoolExecutor.runWorker(ThreadPoolExecutor.java:1149)
	at java.util.concurrent.ThreadPoolExecutor$Worker.run(ThreadPoolExecutor.java:624)
	at java.lang.Thread.run(Thread.java:748)
Caused by: java.io.IOException: Cannot run program "p4": error=2, No such file or directory
	at java.lang.ProcessBuilder.start(ProcessBuilder.java:1048)
	at com.logreposit.froelingreaderservice.services.commandexecutor.CommandExecutorImpl.execute(CommandExecutorImpl.java:36)
	... 18 more
Caused by: java.io.IOException: error=2, No such file or directory
	at java.lang.UNIXProcess.forkAndExec(Native Method)
	at java.lang.UNIXProcess.<init>(UNIXProcess.java:247)
	at java.lang.ProcessImpl.start(ProcessImpl.java:134)
	at java.lang.ProcessBuilder.start(ProcessBuilder.java:1029)
	... 19 more

2019-01-06T10:01:08,703Z ERROR 35190 --- [scheduling-1] [] c.l.f.s.f.FroelingReaderImpl             : Unable to retrieve Froeling Value Addresses: [com.logreposit.froelingreaderservice.services.froelingreader.exceptions.FroelingClientException] Caught CommandExecutorException while executing command
com.logreposit.froelingreaderservice.services.froelingreader.exceptions.FroelingClientException: Caught CommandExecutorException while executing command
	at com.logreposit.froelingreaderservice.services.froelingreader.FroelingClientImpl.executeCommand(FroelingClientImpl.java:157)
	at com.logreposit.froelingreaderservice.services.froelingreader.FroelingClientImpl.getValueAddresses(FroelingClientImpl.java:79)
	at com.logreposit.froelingreaderservice.services.froelingreader.FroelingReaderImpl.retrieveValueAddresses(FroelingReaderImpl.java:68)
	at com.logreposit.froelingreaderservice.services.froelingreader.FroelingReaderImpl.getData(FroelingReaderImpl.java:38)
	at com.logreposit.froelingreaderservice.services.froelingreader.FroelingLogrepositServiceImpl.readAndPublishData(FroelingLogrepositServiceImpl.java:28)
	at sun.reflect.NativeMethodAccessorImpl.invoke0(Native Method)
	at sun.reflect.NativeMethodAccessorImpl.invoke(NativeMethodAccessorImpl.java:62)
	at sun.reflect.DelegatingMethodAccessorImpl.invoke(DelegatingMethodAccessorImpl.java:43)
	at java.lang.reflect.Method.invoke(Method.java:498)
	at org.springframework.scheduling.support.ScheduledMethodRunnable.run(ScheduledMethodRunnable.java:84)
	at org.springframework.scheduling.support.DelegatingErrorHandlingRunnable.run(DelegatingErrorHandlingRunnable.java:54)
	at java.util.concurrent.Executors$RunnableAdapter.call(Executors.java:511)
	at java.util.concurrent.FutureTask.runAndReset(FutureTask.java:308)
	at java.util.concurrent.ScheduledThreadPoolExecutor$ScheduledFutureTask.access$301(ScheduledThreadPoolExecutor.java:180)
	at java.util.concurrent.ScheduledThreadPoolExecutor$ScheduledFutureTask.run(ScheduledThreadPoolExecutor.java:294)
	at java.util.concurrent.ThreadPoolExecutor.runWorker(ThreadPoolExecutor.java:1149)
	at java.util.concurrent.ThreadPoolExecutor$Worker.run(ThreadPoolExecutor.java:624)
	at java.lang.Thread.run(Thread.java:748)
Caused by: com.logreposit.froelingreaderservice.services.commandexecutor.CommandExecutorException: Caught IOException
	at com.logreposit.froelingreaderservice.services.commandexecutor.CommandExecutorImpl.execute(CommandExecutorImpl.java:54)
	at com.logreposit.froelingreaderservice.services.froelingreader.FroelingClientImpl.executeCommand(FroelingClientImpl.java:124)
	... 17 more
Caused by: java.io.IOException: Cannot run program "p4": error=2, No such file or directory
	at java.lang.ProcessBuilder.start(ProcessBuilder.java:1048)
	at com.logreposit.froelingreaderservice.services.commandexecutor.CommandExecutorImpl.execute(CommandExecutorImpl.java:36)
	... 18 more
Caused by: java.io.IOException: error=2, No such file or directory
	at java.lang.UNIXProcess.forkAndExec(Native Method)
	at java.lang.UNIXProcess.<init>(UNIXProcess.java:247)
	at java.lang.ProcessImpl.start(ProcessImpl.java:134)
	at java.lang.ProcessBuilder.start(ProcessBuilder.java:1029)
	... 19 more

2019-01-06T10:01:08,704Z ERROR 35190 --- [scheduling-1] [] c.l.f.s.f.FroelingLogrepositServiceImpl  : Unable to retrieve and publish data: [com.logreposit.froelingreaderservice.services.froelingreader.exceptions.FroelingReaderException] Unable to retrieve Froeling Value Addresses
com.logreposit.froelingreaderservice.services.froelingreader.exceptions.FroelingReaderException: Unable to retrieve Froeling Value Addresses
	at com.logreposit.froelingreaderservice.services.froelingreader.FroelingReaderImpl.retrieveValueAddresses(FroelingReaderImpl.java:76)
	at com.logreposit.froelingreaderservice.services.froelingreader.FroelingReaderImpl.getData(FroelingReaderImpl.java:38)
	at com.logreposit.froelingreaderservice.services.froelingreader.FroelingLogrepositServiceImpl.readAndPublishData(FroelingLogrepositServiceImpl.java:28)
	at sun.reflect.NativeMethodAccessorImpl.invoke0(Native Method)
	at sun.reflect.NativeMethodAccessorImpl.invoke(NativeMethodAccessorImpl.java:62)
	at sun.reflect.DelegatingMethodAccessorImpl.invoke(DelegatingMethodAccessorImpl.java:43)
	at java.lang.reflect.Method.invoke(Method.java:498)
	at org.springframework.scheduling.support.ScheduledMethodRunnable.run(ScheduledMethodRunnable.java:84)
	at org.springframework.scheduling.support.DelegatingErrorHandlingRunnable.run(DelegatingErrorHandlingRunnable.java:54)
	at java.util.concurrent.Executors$RunnableAdapter.call(Executors.java:511)
	at java.util.concurrent.FutureTask.runAndReset(FutureTask.java:308)
	at java.util.concurrent.ScheduledThreadPoolExecutor$ScheduledFutureTask.access$301(ScheduledThreadPoolExecutor.java:180)
	at java.util.concurrent.ScheduledThreadPoolExecutor$ScheduledFutureTask.run(ScheduledThreadPoolExecutor.java:294)
	at java.util.concurrent.ThreadPoolExecutor.runWorker(ThreadPoolExecutor.java:1149)
	at java.util.concurrent.ThreadPoolExecutor$Worker.run(ThreadPoolExecutor.java:624)
	at java.lang.Thread.run(Thread.java:748)
Caused by: com.logreposit.froelingreaderservice.services.froelingreader.exceptions.FroelingClientException: Caught CommandExecutorException while executing command
	at com.logreposit.froelingreaderservice.services.froelingreader.FroelingClientImpl.executeCommand(FroelingClientImpl.java:157)
	at com.logreposit.froelingreaderservice.services.froelingreader.FroelingClientImpl.getValueAddresses(FroelingClientImpl.java:79)
	at com.logreposit.froelingreaderservice.services.froelingreader.FroelingReaderImpl.retrieveValueAddresses(FroelingReaderImpl.java:68)
	... 15 more
Caused by: com.logreposit.froelingreaderservice.services.commandexecutor.CommandExecutorException: Caught IOException
	at com.logreposit.froelingreaderservice.services.commandexecutor.CommandExecutorImpl.execute(CommandExecutorImpl.java:54)
	at com.logreposit.froelingreaderservice.services.froelingreader.FroelingClientImpl.executeCommand(FroelingClientImpl.java:124)
	... 17 more
Caused by: java.io.IOException: Cannot run program "p4": error=2, No such file or directory
	at java.lang.ProcessBuilder.start(ProcessBuilder.java:1048)
	at com.logreposit.froelingreaderservice.services.commandexecutor.CommandExecutorImpl.execute(CommandExecutorImpl.java:36)
	... 18 more
Caused by: java.io.IOException: error=2, No such file or directory
	at java.lang.UNIXProcess.forkAndExec(Native Method)
	at java.lang.UNIXProcess.<init>(UNIXProcess.java:247)
	at java.lang.ProcessImpl.start(ProcessImpl.java:134)
	at java.lang.ProcessBuilder.start(ProcessBuilder.java:1029)
	... 19 more

2019-01-06T10:01:10,653Z  INFO 35190 --- [Thread-3] [] o.s.s.c.ThreadPoolTaskScheduler          : Shutting down ExecutorService 'taskScheduler'
